#
# A fatal error has been detected by the Java Runtime Environment:
#
#  EXCEPTION_ACCESS_VIOLATION (0xc0000005) at pc=0x00007fff0bc73df4, pid=12656, tid=0x0000000000002d74
#
# JRE version: Java(TM) SE Runtime Environment (8.0_101-b13) (build 1.8.0_101-b13)
# Java VM: Java HotSpot(TM) 64-Bit Server VM (25.101-b13 mixed mode windows-amd64 compressed oops)
# Problematic frame:
# C  [msvcrt.dll+0x73df4]
#
# Failed to write core dump. Minidumps are not enabled by default on client versions of Windows
#
# If you would like to submit a bug report, please visit:
#   http://bugreport.java.com/bugreport/crash.jsp
# The crash happened outside the Java Virtual Machine in native code.
# See problematic frame for where to report the bug.
#

---------------  T H R E A D  ---------------

Current thread (0x000000001b006800):  JavaThread "LWJGL Application" [_thread_in_native, id=11636, stack(0x000000001b800000,0x000000001b900000)]

siginfo: ExceptionCode=0xc0000005, writing address 0x000000002183b000

Registers:
RAX=0x000000008172dda8, RBX=0x000000001b0069f8, RCX=0x000000002183b010, RDX=0x000000005fef38b8
RSP=0x000000001b8ff0a8, RBP=0x000000002183a4f0, RSI=0x000000001b8ff140, RDI=0x000000008172dda8
R8 =0x0000000000000000, R9 =0x0000000000000020, R10=0x000000000000000c, R11=0x000000002183a4f0
R12=0x0000000000000000, R13=0x00000000000003c0, R14=0x000000001b8ff170, R15=0x000000001b006800
RIP=0x00007fff0bc73df4, EFLAGS=0x0000000000010202

Top of Stack: (sp=0x000000001b8ff0a8)
0x000000001b8ff0a8:   0000000065583a34 000000001b0069f8
0x000000001b8ff0b8:   000000002183a4f0 000000001b8ff140
0x000000001b8ff0c8:   0000000000000001 000000001b9e0080
0x000000001b8ff0d8:   0000000081721b50 0000000000013880
0x000000001b8ff0e8:   0000000000000000 000000001b8ff180
0x000000001b8ff0f8:   0000000000000000 000000001b8ff340
0x000000001b8ff108:   000000000307b82e 00000000814022b0
0x000000001b8ff118:   00007ffee57dcaf0 000000001b8ff180
0x000000001b8ff128:   000000001b346cf0 00000000000003c0
0x000000001b8ff138:   0000000000000000 000000008172dd98
0x000000001b8ff148:   0000000081721b50 0000000000000000
0x000000001b8ff158:   0000000000000000 00000000feffffff
0x000000001b8ff168:   0000000081430958 000000008141e408
0x000000001b8ff178:   000000001792dc80 0000000081721b50
0x000000001b8ff188:   000000000312f818 000003c000000120
0x000000001b8ff198:   000000008172bab0 000000008172bb08 

Instructions: (pc=0x00007fff0bc73df4)
0x00007fff0bc73dd4:   00 00 0f 87 76 00 00 00 49 83 e0 1f f3 0f 6f 04
0x00007fff0bc73de4:   0a f3 0f 6f 4c 0a 10 48 83 c1 20 66 0f 7f 41 e0
0x00007fff0bc73df4:   66 0f 7f 49 f0 49 ff c9 75 e2 e9 4f ff ff ff 66
0x00007fff0bc73e04:   66 66 66 66 66 66 0f 1f 84 00 00 00 00 00 66 66 


Register to memory mapping:

RAX=0x000000008172dda8 is pointing into object: 0x000000008172dd98
[F 
 - klass: {type array float}
 - length: 20000
RBX=0x000000001b0069f8 is an unknown value
RCX=0x000000002183b010 is an unknown value
RDX=0x000000005fef38b8 is an unknown value
RSP=0x000000001b8ff0a8 is pointing into the stack for thread: 0x000000001b006800
RBP=0x000000002183a4f0 is an unknown value
RSI=0x000000001b8ff140 is pointing into the stack for thread: 0x000000001b006800
RDI=0x000000008172dda8 is pointing into object: 0x000000008172dd98
[F 
 - klass: {type array float}
 - length: 20000
R8 =0x0000000000000000 is an unknown value
R9 =0x0000000000000020 is an unknown value
R10=0x000000000000000c is an unknown value
R11=0x000000002183a4f0 is an unknown value
R12=0x0000000000000000 is an unknown value
R13=0x00000000000003c0 is an unknown value
R14=0x000000001b8ff170 is pointing into the stack for thread: 0x000000001b006800
R15=0x000000001b006800 is a thread


Stack: [0x000000001b800000,0x000000001b900000],  sp=0x000000001b8ff0a8,  free space=1020k
Native frames: (J=compiled Java code, j=interpreted, Vv=VM code, C=native code)
C  [msvcrt.dll+0x73df4]
C  [gdx64.dll+0x3a34]
C  0x000000000307b82e

Java frames: (J=compiled Java code, j=interpreted, Vv=VM code)
J 623  com.badlogic.gdx.utils.BufferUtils.copyJni([FLjava/nio/Buffer;II)V (0 bytes) @ 0x000000000307b7b0 [0x000000000307b740+0x70]
J 914 C2 com.badlogic.gdx.graphics.g2d.SpriteBatch.flush()V (185 bytes) @ 0x000000000312f818 [0x000000000312f680+0x198]
J 688 C1 com.badlogic.gdx.graphics.g2d.SpriteBatch.end()V (90 bytes) @ 0x00000000030ac1d4 [0x00000000030ac0c0+0x114]
j  com.badlogic.gdx.maps.tiled.renderers.BatchTiledMapRenderer.endRender()V+4
j  com.badlogic.gdx.maps.tiled.renderers.BatchTiledMapRenderer.render()V+83
j  Screen.MainGameScreen.render(F)V+953
J 1006 C1 com.mygdx.game.PetGame.render()V (5 bytes) @ 0x0000000003193284 [0x0000000003193060+0x224]
j  com.badlogic.gdx.backends.lwjgl.LwjglApplication.mainLoop()V+698
j  com.badlogic.gdx.backends.lwjgl.LwjglApplication$1.run()V+27
v  ~StubRoutines::call_stub

---------------  P R O C E S S  ---------------

Java Threads: ( => current thread )
  0x000000001b509800 JavaThread "LWJGL Timer" daemon [_thread_blocked, id=9900, stack(0x00000000240b0000,0x00000000241b0000)]
  0x000000001b508000 JavaThread "AsynchExecutor-Thread" daemon [_thread_blocked, id=12472, stack(0x0000000023fb0000,0x00000000240b0000)]
  0x0000000002cf3800 JavaThread "DestroyJavaVM" [_thread_blocked, id=10332, stack(0x0000000002bf0000,0x0000000002cf0000)]
=>0x000000001b006800 JavaThread "LWJGL Application" [_thread_in_native, id=11636, stack(0x000000001b800000,0x000000001b900000)]
  0x0000000019d94000 JavaThread "Service Thread" daemon [_thread_blocked, id=6080, stack(0x000000001a860000,0x000000001a960000)]
  0x0000000019d04000 JavaThread "C1 CompilerThread3" daemon [_thread_blocked, id=10196, stack(0x000000001a760000,0x000000001a860000)]
  0x0000000019cf6800 JavaThread "C2 CompilerThread2" daemon [_thread_blocked, id=10888, stack(0x000000001a660000,0x000000001a760000)]
  0x0000000019cf4800 JavaThread "C2 CompilerThread1" daemon [_thread_blocked, id=2976, stack(0x000000001a560000,0x000000001a660000)]
  0x0000000019cf0800 JavaThread "C2 CompilerThread0" daemon [_thread_blocked, id=10416, stack(0x000000001a460000,0x000000001a560000)]
  0x0000000019cec800 JavaThread "Attach Listener" daemon [_thread_blocked, id=2632, stack(0x000000001a360000,0x000000001a460000)]
  0x0000000019ceb800 JavaThread "Signal Dispatcher" daemon [_thread_blocked, id=7452, stack(0x000000001a260000,0x000000001a360000)]
  0x0000000019c90800 JavaThread "Finalizer" daemon [_thread_blocked, id=11736, stack(0x000000001a070000,0x000000001a170000)]
  0x0000000017dad800 JavaThread "Reference Handler" daemon [_thread_blocked, id=8532, stack(0x0000000019b70000,0x0000000019c70000)]

Other Threads:
  0x0000000017da9800 VMThread [stack: 0x0000000019a70000,0x0000000019b70000] [id=11792]
  0x0000000019df7800 WatcherThread [stack: 0x000000001a960000,0x000000001aa60000] [id=11172]

VM state:not at safepoint (normal execution)

VM Mutex/Monitor currently owned by a thread: None

Heap:
 PSYoungGen      total 38400K, used 2706K [0x00000000d5c00000, 0x00000000d8680000, 0x0000000100000000)
  eden space 33280K, 8% used [0x00000000d5c00000,0x00000000d5ea4b28,0x00000000d7c80000)
  from space 5120K, 0% used [0x00000000d7c80000,0x00000000d7c80000,0x00000000d8180000)
  to   space 5120K, 0% used [0x00000000d8180000,0x00000000d8180000,0x00000000d8680000)
 ParOldGen       total 87552K, used 3334K [0x0000000081400000, 0x0000000086980000, 0x00000000d5c00000)
  object space 87552K, 3% used [0x0000000081400000,0x0000000081741b40,0x0000000086980000)
 Metaspace       used 8541K, capacity 8649K, committed 8832K, reserved 1056768K
  class space    used 802K, capacity 849K, committed 896K, reserved 1048576K

Card table byte_map: [0x00000000121b0000,0x00000000125b0000] byte_map_base: 0x0000000011da6000

Marking Bits: (ParMarkBitMap*) 0x000000005c5ca6d0
 Begin Bits: [0x0000000013060000, 0x0000000015010000)
 End Bits:   [0x0000000015010000, 0x0000000016fc0000)

Polling page: 0x0000000000d50000

CodeCache: size=245760Kb used=3988Kb max_used=3997Kb free=241771Kb
 bounds [0x0000000002df0000, 0x00000000031e0000, 0x0000000011df0000]
 total_blobs=1512 nmethods=1025 adapters=400
 compilation: enabled

Compilation events (10 events):
Event: 15.859 Thread 0x0000000019d04000 1081       3       com.badlogic.gdx.utils.ObjectMap::hash3 (19 bytes)
Event: 15.860 Thread 0x0000000019cf0800 1082       4       java.lang.Object::equals (11 bytes)
Event: 15.860 Thread 0x0000000019d04000 nmethod 1081 0x0000000003063f90 code [0x00000000030640e0, 0x0000000003064250]
Event: 15.860 Thread 0x0000000019d04000 1080       3       com.badlogic.gdx.utils.ObjectMap::hash2 (19 bytes)
Event: 15.860 Thread 0x0000000019d04000 nmethod 1080 0x0000000003063c50 code [0x0000000003063da0, 0x0000000003063f10]
Event: 15.860 Thread 0x0000000019d04000 1083       3       com.badlogic.gdx.scenes.scene2d.ui.Table::ensureSize (38 bytes)
Event: 15.860 Thread 0x0000000019cf0800 nmethod 1082 0x0000000002fce490 code [0x0000000002fce5c0, 0x0000000002fce638]
Event: 15.860 Thread 0x0000000019d04000 nmethod 1083 0x0000000003063610 code [0x0000000003063780, 0x0000000003063a90]
Event: 15.860 Thread 0x0000000019d04000 1084       3       com.badlogic.gdx.utils.Array::<init> (21 bytes)
Event: 15.860 Thread 0x0000000019d04000 nmethod 1084 0x00000000031ce7d0 code [0x00000000031ce940, 0x00000000031ceb90]

GC Heap History (10 events):
Event: 14.476 GC heap before
{Heap before GC invocations=421 (full 210):
 PSYoungGen      total 38400K, used 0K [0x00000000d5c00000, 0x00000000d8680000, 0x0000000100000000)
  eden space 33280K, 0% used [0x00000000d5c00000,0x00000000d5c00000,0x00000000d7c80000)
  from space 5120K, 0% used [0x00000000d7c80000,0x00000000d7c80000,0x00000000d8180000)
  to   space 5120K, 0% used [0x00000000d8180000,0x00000000d8180000,0x00000000d8680000)
 ParOldGen       total 87552K, used 3334K [0x0000000081400000, 0x0000000086980000, 0x00000000d5c00000)
  object space 87552K, 3% used [0x0000000081400000,0x0000000081741b40,0x0000000086980000)
 Metaspace       used 8531K, capacity 8649K, committed 8832K, reserved 1056768K
  class space    used 801K, capacity 849K, committed 896K, reserved 1048576K
Event: 14.482 GC heap after
Heap after GC invocations=421 (full 210):
 PSYoungGen      total 38400K, used 0K [0x00000000d5c00000, 0x00000000d8680000, 0x0000000100000000)
  eden space 33280K, 0% used [0x00000000d5c00000,0x00000000d5c00000,0x00000000d7c80000)
  from space 5120K, 0% used [0x00000000d7c80000,0x00000000d7c80000,0x00000000d8180000)
  to   space 5120K, 0% used [0x00000000d8180000,0x00000000d8180000,0x00000000d8680000)
 ParOldGen       total 87552K, used 3334K [0x0000000081400000, 0x0000000086980000, 0x00000000d5c00000)
  object space 87552K, 3% used [0x0000000081400000,0x0000000081741b40,0x0000000086980000)
 Metaspace       used 8531K, capacity 8649K, committed 8832K, reserved 1056768K
  class space    used 801K, capacity 849K, committed 896K, reserved 1048576K
}
Event: 14.492 GC heap before
{Heap before GC invocations=422 (full 210):
 PSYoungGen      total 38400K, used 0K [0x00000000d5c00000, 0x00000000d8680000, 0x0000000100000000)
  eden space 33280K, 0% used [0x00000000d5c00000,0x00000000d5c00000,0x00000000d7c80000)
  from space 5120K, 0% used [0x00000000d7c80000,0x00000000d7c80000,0x00000000d8180000)
  to   space 5120K, 0% used [0x00000000d8180000,0x00000000d8180000,0x00000000d8680000)
 ParOldGen       total 87552K, used 3334K [0x0000000081400000, 0x0000000086980000, 0x00000000d5c00000)
  object space 87552K, 3% used [0x0000000081400000,0x0000000081741b40,0x0000000086980000)
 Metaspace       used 8532K, capacity 8649K, committed 8832K, reserved 1056768K
  class space    used 801K, capacity 849K, committed 896K, reserved 1048576K
Event: 14.493 GC heap after
Heap after GC invocations=422 (full 210):
 PSYoungGen      total 38400K, used 0K [0x00000000d5c00000, 0x00000000d8680000, 0x0000000100000000)
  eden space 33280K, 0% used [0x00000000d5c00000,0x00000000d5c00000,0x00000000d7c80000)
  from space 5120K, 0% used [0x00000000d8180000,0x00000000d8180000,0x00000000d8680000)
  to   space 5120K, 0% used [0x00000000d7c80000,0x00000000d7c80000,0x00000000d8180000)
 ParOldGen       total 87552K, used 3334K [0x0000000081400000, 0x0000000086980000, 0x00000000d5c00000)
  object space 87552K, 3% used [0x0000000081400000,0x0000000081741b40,0x0000000086980000)
 Metaspace       used 8532K, capacity 8649K, committed 8832K, reserved 1056768K
  class space    used 801K, capacity 849K, committed 896K, reserved 1048576K
}
Event: 14.493 GC heap before
{Heap before GC invocations=423 (full 211):
 PSYoungGen      total 38400K, used 0K [0x00000000d5c00000, 0x00000000d8680000, 0x0000000100000000)
  eden space 33280K, 0% used [0x00000000d5c00000,0x00000000d5c00000,0x00000000d7c80000)
  from space 5120K, 0% used [0x00000000d8180000,0x00000000d8180000,0x00000000d8680000)
  to   space 5120K, 0% used [0x00000000d7c80000,0x00000000d7c80000,0x00000000d8180000)
 ParOldGen       total 87552K, used 3334K [0x0000000081400000, 0x0000000086980000, 0x00000000d5c00000)
  object space 87552K, 3% used [0x0000000081400000,0x0000000081741b40,0x0000000086980000)
 Metaspace       used 8532K, capacity 8649K, committed 8832K, reserved 1056768K
  class space    used 801K, capacity 849K, committed 896K, reserved 1048576K
Event: 14.499 GC heap after
Heap after GC invocations=423 (full 211):
 PSYoungGen      total 38400K, used 0K [0x00000000d5c00000, 0x00000000d8680000, 0x0000000100000000)
  eden space 33280K, 0% used [0x00000000d5c00000,0x00000000d5c00000,0x00000000d7c80000)
  from space 5120K, 0% used [0x00000000d8180000,0x00000000d8180000,0x00000000d8680000)
  to   space 5120K, 0% used [0x00000000d7c80000,0x00000000d7c80000,0x00000000d8180000)
 ParOldGen       total 87552K, used 3334K [0x0000000081400000, 0x0000000086980000, 0x00000000d5c00000)
  object space 87552K, 3% used [0x0000000081400000,0x0000000081741b40,0x0000000086980000)
 Metaspace       used 8532K, capacity 8649K, committed 8832K, reserved 1056768K
  class space    used 801K, capacity 849K, committed 896K, reserved 1048576K
}
Event: 14.499 GC heap before
{Heap before GC invocations=424 (full 211):
 PSYoungGen      total 38400K, used 0K [0x00000000d5c00000, 0x00000000d8680000, 0x0000000100000000)
  eden space 33280K, 0% used [0x00000000d5c00000,0x00000000d5c00000,0x00000000d7c80000)
  from space 5120K, 0% used [0x00000000d8180000,0x00000000d8180000,0x00000000d8680000)
  to   space 5120K, 0% used [0x00000000d7c80000,0x00000000d7c80000,0x00000000d8180000)
 ParOldGen       total 87552K, used 3334K [0x0000000081400000, 0x0000000086980000, 0x00000000d5c00000)
  object space 87552K, 3% used [0x0000000081400000,0x0000000081741b40,0x0000000086980000)
 Metaspace       used 8532K, capacity 8649K, committed 8832K, reserved 1056768K
  class space    used 801K, capacity 849K, committed 896K, reserved 1048576K
Event: 14.500 GC heap after
Heap after GC invocations=424 (full 211):
 PSYoungGen      total 38400K, used 0K [0x00000000d5c00000, 0x00000000d8680000, 0x0000000100000000)
  eden space 33280K, 0% used [0x00000000d5c00000,0x00000000d5c00000,0x00000000d7c80000)
  from space 5120K, 0% used [0x00000000d7c80000,0x00000000d7c80000,0x00000000d8180000)
  to   space 5120K, 0% used [0x00000000d8180000,0x00000000d8180000,0x00000000d8680000)
 ParOldGen       total 87552K, used 3334K [0x0000000081400000, 0x0000000086980000, 0x00000000d5c00000)
  object space 87552K, 3% used [0x0000000081400000,0x0000000081741b40,0x0000000086980000)
 Metaspace       used 8532K, capacity 8649K, committed 8832K, reserved 1056768K
  class space    used 801K, capacity 849K, committed 896K, reserved 1048576K
}
Event: 14.500 GC heap before
{Heap before GC invocations=425 (full 212):
 PSYoungGen      total 38400K, used 0K [0x00000000d5c00000, 0x00000000d8680000, 0x0000000100000000)
  eden space 33280K, 0% used [0x00000000d5c00000,0x00000000d5c00000,0x00000000d7c80000)
  from space 5120K, 0% used [0x00000000d7c80000,0x00000000d7c80000,0x00000000d8180000)
  to   space 5120K, 0% used [0x00000000d8180000,0x00000000d8180000,0x00000000d8680000)
 ParOldGen       total 87552K, used 3334K [0x0000000081400000, 0x0000000086980000, 0x00000000d5c00000)
  object space 87552K, 3% used [0x0000000081400000,0x0000000081741b40,0x0000000086980000)
 Metaspace       used 8532K, capacity 8649K, committed 8832K, reserved 1056768K
  class space    used 801K, capacity 849K, committed 896K, reserved 1048576K
Event: 14.506 GC heap after
Heap after GC invocations=425 (full 212):
 PSYoungGen      total 38400K, used 0K [0x00000000d5c00000, 0x00000000d8680000, 0x0000000100000000)
  eden space 33280K, 0% used [0x00000000d5c00000,0x00000000d5c00000,0x00000000d7c80000)
  from space 5120K, 0% used [0x00000000d7c80000,0x00000000d7c80000,0x00000000d8180000)
  to   space 5120K, 0% used [0x00000000d8180000,0x00000000d8180000,0x00000000d8680000)
 ParOldGen       total 87552K, used 3334K [0x0000000081400000, 0x0000000086980000, 0x00000000d5c00000)
  object space 87552K, 3% used [0x0000000081400000,0x0000000081741b40,0x0000000086980000)
 Metaspace       used 8532K, capacity 8649K, committed 8832K, reserved 1056768K
  class space    used 801K, capacity 849K, committed 896K, reserved 1048576K
}

Deoptimization events (4 events):
Event: 2.986 Thread 0x000000001b006800 Uncommon trap: reason=unstable_if action=reinterpret pc=0x0000000003006078 method=java.lang.String.<init>([CII)V @ 18
Event: 7.146 Thread 0x000000001b006800 Uncommon trap: reason=unstable_if action=reinterpret pc=0x00000000030f8594 method=com.badlogic.gdx.utils.SnapshotArray.modified()V @ 4
Event: 7.945 Thread 0x000000001b006800 Uncommon trap: reason=unstable_if action=reinterpret pc=0x00000000031042a8 method=com.badlogic.gdx.scenes.scene2d.Actor.act(F)V @ 9
Event: 15.859 Thread 0x000000001b006800 Uncommon trap: reason=null_check action=make_not_entrant pc=0x00000000031c6a98 method=com.badlogic.gdx.utils.ObjectMap.get(Ljava/lang/Object;)Ljava/lang/Object; @ 38

Internal exceptions (10 events):
Event: 0.157 Thread 0x0000000002cf3800 Exception <a 'java/security/PrivilegedActionException'> (0x00000000d5ee5620) thrown at [C:\re\workspace\8-2-build-windows-amd64-cygwin\jdk8u101\7261\hotspot\src\share\vm\prims\jvm.cpp, line 1386]
Event: 0.317 Thread 0x0000000002cf3800 Exception <a 'java/security/PrivilegedActionException'> (0x00000000d6017be0) thrown at [C:\re\workspace\8-2-build-windows-amd64-cygwin\jdk8u101\7261\hotspot\src\share\vm\prims\jvm.cpp, line 1386]
Event: 0.317 Thread 0x0000000002cf3800 Exception <a 'java/security/PrivilegedActionException'> (0x00000000d60198b8) thrown at [C:\re\workspace\8-2-build-windows-amd64-cygwin\jdk8u101\7261\hotspot\src\share\vm\prims\jvm.cpp, line 1386]
Event: 0.317 Thread 0x0000000002cf3800 Exception <a 'java/security/PrivilegedActionException'> (0x00000000d601aa28) thrown at [C:\re\workspace\8-2-build-windows-amd64-cygwin\jdk8u101\7261\hotspot\src\share\vm\prims\jvm.cpp, line 1386]
Event: 0.318 Thread 0x0000000002cf3800 Exception <a 'java/security/PrivilegedActionException'> (0x00000000d601fb90) thrown at [C:\re\workspace\8-2-build-windows-amd64-cygwin\jdk8u101\7261\hotspot\src\share\vm\prims\jvm.cpp, line 1386]
Event: 0.318 Thread 0x0000000002cf3800 Exception <a 'java/security/PrivilegedActionException'> (0x00000000d60207e8) thrown at [C:\re\workspace\8-2-build-windows-amd64-cygwin\jdk8u101\7261\hotspot\src\share\vm\prims\jvm.cpp, line 1386]
Event: 0.318 Thread 0x0000000002cf3800 Exception <a 'java/security/PrivilegedActionException'> (0x00000000d6021410) thrown at [C:\re\workspace\8-2-build-windows-amd64-cygwin\jdk8u101\7261\hotspot\src\share\vm\prims\jvm.cpp, line 1386]
Event: 0.438 Thread 0x000000001b006800 Exception <a 'org/lwjgl/LWJGLException'> (0x00000000d6352d50) thrown at [C:\re\workspace\8-2-build-windows-amd64-cygwin\jdk8u101\7261\hotspot\src\share\vm\prims\jni.cpp, line 709]
Event: 0.438 Thread 0x000000001b006800 Exception <a 'org/lwjgl/LWJGLException'> (0x00000000d6353098) thrown at [C:\re\workspace\8-2-build-windows-amd64-cygwin\jdk8u101\7261\hotspot\src\share\vm\prims\jni.cpp, line 709]
Event: 15.859 Thread 0x000000001b006800 Implicit null exception at 0x00000000031c66e6 to 0x00000000031c6a81

Events (10 events):
Event: 14.499 Executing VM operation: ParallelGCSystemGC
Event: 14.506 Executing VM operation: ParallelGCSystemGC done
Event: 15.290 Thread 0x000000001b006800 DEOPT PACKING pc=0x0000000003046e74 sp=0x000000001b8fea80
Event: 15.290 Thread 0x000000001b006800 DEOPT UNPACKING pc=0x0000000002e3787f sp=0x000000001b8fe8d0 mode 0
Event: 15.296 Thread 0x0000000019d04000 flushing nmethod 0x0000000003063610
Event: 15.859 Thread 0x000000001b006800 Uncommon trap: trap_request=0xfffffff4 fr.pc=0x00000000031c6a98
Event: 15.859 Thread 0x000000001b006800 DEOPT PACKING pc=0x00000000031c6a98 sp=0x000000001b8ff120
Event: 15.859 Thread 0x000000001b006800 DEOPT UNPACKING pc=0x0000000002e3582a sp=0x000000001b8ff0c0 mode 2
Event: 15.860 loading class com/badlogic/gdx/utils/ObjectSet$ObjectSetIterator
Event: 15.860 loading class com/badlogic/gdx/utils/ObjectSet$ObjectSetIterator done


Dynamic libraries:
0x00007ff6a0940000 - 0x00007ff6a0977000 	C:\Program Files\Java\jre1.8.0_101\bin\javaw.exe
0x00007fff0df20000 - 0x00007fff0e0f1000 	C:\WINDOWS\SYSTEM32\ntdll.dll
0x00007fff0d670000 - 0x00007fff0d71b000 	C:\WINDOWS\System32\KERNEL32.DLL
0x00007fff0a970000 - 0x00007fff0ab8d000 	C:\WINDOWS\System32\KERNELBASE.dll
0x00007fff08840000 - 0x00007fff088ba000 	C:\WINDOWS\system32\apphelp.dll
0x00007ffef0530000 - 0x00007ffef0583000 	C:\WINDOWS\AppPatch\AppPatch64\AcGenral.DLL
0x00007fff0bc00000 - 0x00007fff0bc9e000 	C:\WINDOWS\System32\msvcrt.dll
0x00007fff0ba00000 - 0x00007fff0ba59000 	C:\WINDOWS\System32\sechost.dll
0x00007fff0dcc0000 - 0x00007fff0dde1000 	C:\WINDOWS\System32\RPCRT4.dll
0x00007fff0ddf0000 - 0x00007fff0de42000 	C:\WINDOWS\System32\SHLWAPI.dll
0x00007fff0b4f0000 - 0x00007fff0b7b7000 	C:\WINDOWS\System32\combase.dll
0x00007fff0a630000 - 0x00007fff0a725000 	C:\WINDOWS\System32\ucrtbase.dll
0x00007fff0ab90000 - 0x00007fff0abfa000 	C:\WINDOWS\System32\bcryptPrimitives.dll
0x00007fff0b4b0000 - 0x00007fff0b4e4000 	C:\WINDOWS\System32\GDI32.dll
0x00007fff0a7e0000 - 0x00007fff0a962000 	C:\WINDOWS\System32\gdi32full.dll
0x00007fff0d720000 - 0x00007fff0d885000 	C:\WINDOWS\System32\USER32.dll
0x00007fff0a410000 - 0x00007fff0a42e000 	C:\WINDOWS\System32\win32u.dll
0x00007fff0b8c0000 - 0x00007fff0b9f7000 	C:\WINDOWS\System32\ole32.dll
0x00007fff0c060000 - 0x00007fff0d569000 	C:\WINDOWS\System32\SHELL32.dll
0x00007fff0a430000 - 0x00007fff0a472000 	C:\WINDOWS\System32\cfgmgr32.dll
0x00007fff0ac00000 - 0x00007fff0b2da000 	C:\WINDOWS\System32\windows.storage.dll
0x00007fff0a3a0000 - 0x00007fff0a3ec000 	C:\WINDOWS\System32\powrprof.dll
0x00007fff0b7c0000 - 0x00007fff0b862000 	C:\WINDOWS\System32\advapi32.dll
0x00007fff0a3f0000 - 0x00007fff0a3ff000 	C:\WINDOWS\System32\kernel.appcore.dll
0x00007fff0a730000 - 0x00007fff0a7d9000 	C:\WINDOWS\System32\shcore.dll
0x00007fff0a380000 - 0x00007fff0a394000 	C:\WINDOWS\System32\profapi.dll
0x00007fff0a080000 - 0x00007fff0a0ac000 	C:\WINDOWS\SYSTEM32\SspiCli.dll
0x00007fff09a30000 - 0x00007fff09a4f000 	C:\WINDOWS\SYSTEM32\USERENV.dll
0x00007ffefa680000 - 0x00007ffefa69b000 	C:\WINDOWS\SYSTEM32\MPR.dll
0x00007fff0b890000 - 0x00007fff0b8be000 	C:\WINDOWS\System32\IMM32.DLL
0x00007ffefb3b0000 - 0x00007ffefb62a000 	C:\WINDOWS\WinSxS\amd64_microsoft.windows.common-controls_6595b64144ccf1df_6.0.14393.351_none_4213128bc687e6d3\COMCTL32.dll
0x000000005ca90000 - 0x000000005cb62000 	C:\Program Files\Java\jre1.8.0_101\bin\msvcr100.dll
0x000000005bdb0000 - 0x000000005c64a000 	C:\Program Files\Java\jre1.8.0_101\bin\server\jvm.dll
0x00007fff0bd10000 - 0x00007fff0bd18000 	C:\WINDOWS\System32\PSAPI.DLL
0x00007ffef2e70000 - 0x00007ffef2e79000 	C:\WINDOWS\SYSTEM32\WSOCK32.dll
0x00007fff088c0000 - 0x00007fff088e3000 	C:\WINDOWS\SYSTEM32\WINMM.dll
0x00007fff073a0000 - 0x00007fff073aa000 	C:\WINDOWS\SYSTEM32\VERSION.dll
0x00007fff0bca0000 - 0x00007fff0bd0a000 	C:\WINDOWS\System32\WS2_32.dll
0x00000000025b0000 - 0x00000000025db000 	C:\WINDOWS\SYSTEM32\WINMMBASE.dll
0x000000005cca0000 - 0x000000005ccaf000 	C:\Program Files\Java\jre1.8.0_101\bin\verify.dll
0x000000005cc70000 - 0x000000005cc99000 	C:\Program Files\Java\jre1.8.0_101\bin\java.dll
0x000000005cc50000 - 0x000000005cc66000 	C:\Program Files\Java\jre1.8.0_101\bin\zip.dll
0x0000000065580000 - 0x0000000065616000 	C:\Users\user\AppData\Local\Temp\libgdxuser\8aad67a5\gdx64.dll
0x00007fff09e50000 - 0x00007fff09e67000 	C:\WINDOWS\SYSTEM32\CRYPTSP.dll
0x00007fff09d30000 - 0x00007fff09d63000 	C:\WINDOWS\system32\rsaenh.dll
0x00007fff09f60000 - 0x00007fff09f8b000 	C:\WINDOWS\SYSTEM32\bcrypt.dll
0x00007fff09e70000 - 0x00007fff09e7b000 	C:\WINDOWS\SYSTEM32\CRYPTBASE.dll
0x000000005cc30000 - 0x000000005cc4a000 	C:\Program Files\Java\jre1.8.0_101\bin\net.dll
0x00007fff09bb0000 - 0x00007fff09c0c000 	C:\WINDOWS\system32\mswsock.dll
0x00007fff09940000 - 0x00007fff09978000 	C:\WINDOWS\SYSTEM32\IPHLPAPI.DLL
0x00007fff0bfe0000 - 0x00007fff0bfe8000 	C:\WINDOWS\System32\NSI.dll
0x00007fff05830000 - 0x00007fff05846000 	C:\WINDOWS\SYSTEM32\dhcpcsvc6.DLL
0x00007fff05810000 - 0x00007fff0582a000 	C:\WINDOWS\SYSTEM32\dhcpcsvc.DLL
0x000000005cc10000 - 0x000000005cc21000 	C:\Program Files\Java\jre1.8.0_101\bin\nio.dll
0x0000000180000000 - 0x0000000180053000 	C:\Users\user\AppData\Local\Temp\libgdxuser\dc0f0009\lwjgl64.dll
0x00007ffee5700000 - 0x00007ffee5823000 	C:\WINDOWS\SYSTEM32\OPENGL32.dll
0x00007ffee5690000 - 0x00007ffee56bd000 	C:\WINDOWS\SYSTEM32\GLU32.dll
0x00007ffee5520000 - 0x00007ffee5617000 	C:\WINDOWS\SYSTEM32\DDRAW.dll
0x00007ffeebe20000 - 0x00007ffeebe28000 	C:\WINDOWS\SYSTEM32\DCIMAN32.dll
0x000000001aa60000 - 0x000000001aac4000 	C:\Users\user\AppData\Local\Temp\libgdxuser\dc0f0009\OpenAL64.dll
0x00007fff08b10000 - 0x00007fff08ba5000 	C:\WINDOWS\system32\uxtheme.dll
0x00007fff0d570000 - 0x00007fff0d60f000 	C:\WINDOWS\System32\clbcatq.dll
0x00007fff07690000 - 0x00007fff07815000 	C:\WINDOWS\System32\PROPSYS.dll
0x00007fff0de50000 - 0x00007fff0df0f000 	C:\WINDOWS\System32\OLEAUT32.dll
0x00007fff0a480000 - 0x00007fff0a51c000 	C:\WINDOWS\System32\msvcp_win.dll
0x00007ffefefe0000 - 0x00007ffeff07b000 	C:\WINDOWS\SYSTEM32\dsound.dll
0x00007fff03ff0000 - 0x00007fff04061000 	C:\WINDOWS\System32\MMDevApi.dll
0x00007fff08e50000 - 0x00007fff08e78000 	C:\WINDOWS\System32\DEVOBJ.dll
0x00007ffef3040000 - 0x00007ffef30d4000 	C:\WINDOWS\SYSTEM32\AUDIOSES.DLL
0x00007fff06e20000 - 0x00007fff06f56000 	C:\WINDOWS\SYSTEM32\wintypes.dll
0x00007fff0bd80000 - 0x00007fff0bedb000 	C:\WINDOWS\System32\MSCTF.dll
0x00007fff07950000 - 0x00007fff07976000 	C:\WINDOWS\system32\dwmapi.dll
0x00007ffecac80000 - 0x00007ffecb7c6000 	C:\WINDOWS\SYSTEM32\ig75icd64.dll
0x00007ffefa970000 - 0x00007ffefb3b0000 	C:\WINDOWS\SYSTEM32\igdusc64.dll
0x00007fff07320000 - 0x00007fff07333000 	C:\WINDOWS\SYSTEM32\WTSAPI32.dll
0x00007ffefa730000 - 0x00007ffefa7c1000 	C:\WINDOWS\SYSTEM32\mscms.dll
0x00007ffef04e0000 - 0x00007ffef0522000 	C:\WINDOWS\SYSTEM32\icm32.dll
0x000000006a740000 - 0x000000006a7f1000 	C:\Users\user\AppData\Local\Temp\libgdxuser\53b76bda\gdx-freetype64.dll
0x00007ffef3200000 - 0x00007ffef3392000 	C:\WINDOWS\SYSTEM32\dbghelp.dll

VM Arguments:
jvm_args: -Dfile.encoding=MS932 
java_command: com.mygdx.game.desktop.DesktopLauncher
java_class_path (initial): D:\IT\JavaProj2D\desktop\bin;C:\Users\user\.gradle\caches\modules-2\files-2.1\com.badlogicgames.gdx\gdx-backend-lwjgl\1.9.4\4c6c108a9dcbc07096de8594b93f9cab33856fe2\gdx-backend-lwjgl-1.9.4.jar;C:\Users\user\.gradle\caches\modules-2\files-2.1\com.badlogicgames.gdx\gdx-platform\1.9.4\8e93afecc287ab152179983fc1b5f65db4c2fa4c\gdx-platform-1.9.4-natives-desktop.jar;C:\Users\user\.gradle\caches\modules-2\files-2.1\com.badlogicgames.gdx\gdx-box2d-platform\1.9.4\905a9ed3017cd3917b7fbada5ece58c40fddcbca\gdx-box2d-platform-1.9.4-natives-desktop.jar;C:\Users\user\.gradle\caches\modules-2\files-2.1\com.badlogicgames.gdx\gdx-bullet-platform\1.9.4\13190302e8721452ffb8ae242dba20f6195e8175\gdx-bullet-platform-1.9.4-natives-desktop.jar;C:\Users\user\.gradle\caches\modules-2\files-2.1\com.badlogicgames.gdx\gdx-freetype-platform\1.9.4\4bced98798c82ba1cb947343bdd6297243ea09e3\gdx-freetype-platform-1.9.4-natives-desktop.jar;C:\Users\user\.gradle\caches\modules-2\files-2.1\com.badlogicgames.gdx\gdx-tools\1.9.4\4c15cd85a5077bc7d13914be7cbd8dcce2d31725\gdx-tools-1.9.4.jar;C:\Users\user\.gradle\caches\modules-2\files-2.1\com.badlogicgames.gdx\gdx-controllers-desktop\1.9.4\327d033c54df7fcfedb4576b47cd2546a3634ba\gdx-controllers-desktop-1.9.4.jar;C:\Users\user\.gradle\caches\modules-2\files-2.1\com.badlogicgames.gdx\gdx-controllers-platform\1.9.4\5642c2faa67bc94d6c42718d50884f562249cfa7\gdx-controllers-platform-1.9.4-natives-desktop.jar;C:\Users\user\.gradle\caches\modules-2\files-2.1\com.badlogicgames.gdx\gdx\1.9.4\4b4b7962d1bc75af0438f5c81ec1010557bc9ee5\gdx-1.9.4.jar;C:\Users\user\.gradle\caches\modules-2\files-2.1\com.badlogicgames.gdx\gdx-box2d\1.9.4\98a0d25c9f0637fecac6e4aacf7287aa635964f5\gdx-box2d-1.9.4.jar;C:\Users\user\.gradle\caches\modules-2\files-2.1\com.badlogicgames.box2dlights\box2dlights\1.4\3d77ad5b4164fb32fc67e2446e35911bb0aaf0bd\box2dlights-1.4.jar;C:\Users\user\.gradle\caches\modules-2\files-2.1\com.badlogicgames.gdx\gdx-bullet\1.9.4\971a17453
Launcher Type: SUN_STANDARD

Environment Variables:
PATH=C:/Program Files/Java/jre1.8.0_101/bin/server;C:/Program Files/Java/jre1.8.0_101/bin;C:/Program Files/Java/jre1.8.0_101/lib/amd64;C:\Program Files\Docker\Docker\Resources\bin;C:\Python34\Lib\site-packages\PyQt4;C:\Program Files (x86)\Razer Chroma SDK\bin;C:\Program Files\Razer Chroma SDK\bin;C:\ProgramData\Oracle\Java\javapath;C:\Python34\;C:\Python34\Scripts;C:\Program Files (x86)\Intel\iCLS Client\;C:\Program Files\Intel\iCLS Client\;C:\Windows\system32;C:\Windows;C:\Windows\System32\Wbem;C:\Windows\System32\WindowsPowerShell\v1.0\;C:\Program Files (x86)\Windows Live\Shared;C:\Program Files\Intel\Intel(R) Management Engine Components\DAL;C:\Program Files\Intel\Intel(R) Management Engine Components\IPT;C:\Program Files (x86)\Intel\Intel(R) Management Engine Components\DAL;C:\Program Files (x86)\Intel\Intel(R) Management Engine Components\IPT;C:\Program Files (x86)\NVIDIA Corporation\PhysX\Common;C:\Program Files (x86)\MiKTeX 2.9\miktex\bin\;C:\WINDOWS\system32\config\systemprofile\.dnx\bin;C:\Program Files\Microsoft DNX\Dnvm\;C:\Program Files\Microsoft SQL Server\120\Tools\Binn\;C:\Program Files (x86)\Windows Kits\8.1\Windows Performance Toolkit\;C:\Program Files (x86)\Skype\Phone\;C:\WINDOWS\system32;C:\WINDOWS;C:\WINDOWS\System32\Wbem;C:\WINDOWS\System32\WindowsPowerShell\v1.0\;C:\WINDOWS\system32;C:\WINDOWS;C:\WINDOWS\System32\Wbem;C:\WINDOWS\System32\WindowsPowerShell\v1.0\;C:\Program Files (x86)\GtkSharp\2.12\bin;C:\Users\user\.dnx\bin;%USERPROFILE%\AppData\Local\Microsoft\WindowsApps;;C:\Users\user\Desktop;
USERNAME=user
OS=Windows_NT
PROCESSOR_IDENTIFIER=Intel64 Family 6 Model 60 Stepping 3, GenuineIntel



---------------  S Y S T E M  ---------------

OS: Windows 10.0 , 64 bit Build 14393 (10.0.14393.0)

CPU:total 8 (4 cores per cpu, 2 threads per core) family 6 model 60 stepping 3, cmov, cx8, fxsr, mmx, sse, sse2, sse3, ssse3, sse4.1, sse4.2, popcnt, avx, avx2, aes, clmul, erms, lzcnt, ht, tsc, tscinvbit, bmi1, bmi2

Memory: 4k page, physical 8304444k(3186088k free), swap 11056956k(3639200k free)

vm_info: Java HotSpot(TM) 64-Bit Server VM (25.101-b13) for windows-amd64 JRE (1.8.0_101-b13), built on Jun 22 2016 01:21:29 by "java_re" with MS VC++ 10.0 (VS2010)

time: Wed Nov 09 18:54:40 2016
elapsed time: 15 seconds (0d 0h 0m 15s)

