#
# A fatal error has been detected by the Java Runtime Environment:
#
#  EXCEPTION_ACCESS_VIOLATION (0xc0000005) at pc=0x00007fff0bc73df4, pid=11492, tid=0x00000000000017fc
#
# JRE version: Java(TM) SE Runtime Environment (8.0_101-b13) (build 1.8.0_101-b13)
# Java VM: Java HotSpot(TM) 64-Bit Server VM (25.101-b13 mixed mode windows-amd64 compressed oops)
# Problematic frame:
# C  [msvcrt.dll+0x73df4]
#
# Failed to write core dump. Minidumps are not enabled by default on client versions of Windows
#
# If you would like to submit a bug report, please visit:
#   http://bugreport.java.com/bugreport/crash.jsp
# The crash happened outside the Java Virtual Machine in native code.
# See problematic frame for where to report the bug.
#

---------------  T H R E A D  ---------------

Current thread (0x000000001a100800):  JavaThread "LWJGL Application" [_thread_in_native, id=6140, stack(0x000000001ba10000,0x000000001bb10000)]

siginfo: ExceptionCode=0xc0000005, writing address 0x000000002195b000

Registers:
RAX=0x00000000817262d8, RBX=0x000000001a1009f8, RCX=0x000000002195b010, RDX=0x000000005fdcbde8
RSP=0x000000001bb0e958, RBP=0x000000002195a4f0, RSI=0x000000001bb0e9f0, RDI=0x00000000817262d8
R8 =0x0000000000000000, R9 =0x0000000000000020, R10=0x000000000000000c, R11=0x000000002195a4f0
R12=0x0000000000000000, R13=0x00000000000003c0, R14=0x000000001bb0ea20, R15=0x000000001a100800
RIP=0x00007fff0bc73df4, EFLAGS=0x0000000000010202

Top of Stack: (sp=0x000000001bb0e958)
0x000000001bb0e958:   0000000065583a34 000000001a1009f8
0x000000001bb0e968:   000000002195a4f0 000000001bb0e9f0
0x000000001bb0e978:   0000000000000000 0000000000000502
0x000000001bb0e988:   0000000000000148 000000008171e9c0
0x000000001bb0e998:   0000000000000000 000000001bb0ea30
0x000000001bb0e9a8:   0000000000000000 000000001bb0ed88
0x000000001bb0e9b8:   00000000030fde2e 000000001bb0edd0
0x000000001bb0e9c8:   00000000030f2584 000000001bb0ea78
0x000000001bb0e9d8:   0000000000000001 00000000000003c0
0x000000001bb0e9e8:   0000000000000000 00000000817262c8
0x000000001bb0e9f8:   000000008171e9c0 0000000000000000
0x000000001bb0ea08:   0000000000000020 0000000000048e80
0x000000001bb0ea18:   000000000311330f 0000000081422990
0x000000001bb0ea28:   0000000000000000 000000001bb0edd0
0x000000001bb0ea38:   00000000030f24dc 00007ffecb3d2ac0
0x000000001bb0ea48:   0000000000000001 00000000816784e8 

Instructions: (pc=0x00007fff0bc73df4)
0x00007fff0bc73dd4:   00 00 0f 87 76 00 00 00 49 83 e0 1f f3 0f 6f 04
0x00007fff0bc73de4:   0a f3 0f 6f 4c 0a 10 48 83 c1 20 66 0f 7f 41 e0
0x00007fff0bc73df4:   66 0f 7f 49 f0 49 ff c9 75 e2 e9 4f ff ff ff 66
0x00007fff0bc73e04:   66 66 66 66 66 66 0f 1f 84 00 00 00 00 00 66 66 


Register to memory mapping:

RAX=0x00000000817262d8 is pointing into object: 0x00000000817262c8
[F 
 - klass: {type array float}
 - length: 20000
RBX=0x000000001a1009f8 is an unknown value
RCX=0x000000002195b010 is an unknown value
RDX=0x000000005fdcbde8 is an unknown value
RSP=0x000000001bb0e958 is pointing into the stack for thread: 0x000000001a100800
RBP=0x000000002195a4f0 is an unknown value
RSI=0x000000001bb0e9f0 is pointing into the stack for thread: 0x000000001a100800
RDI=0x00000000817262d8 is pointing into object: 0x00000000817262c8
[F 
 - klass: {type array float}
 - length: 20000
R8 =0x0000000000000000 is an unknown value
R9 =0x0000000000000020 is an unknown value
R10=0x000000000000000c is an unknown value
R11=0x000000002195a4f0 is an unknown value
R12=0x0000000000000000 is an unknown value
R13=0x00000000000003c0 is an unknown value
R14=0x000000001bb0ea20 is pointing into the stack for thread: 0x000000001a100800
R15=0x000000001a100800 is a thread


Stack: [0x000000001ba10000,0x000000001bb10000],  sp=0x000000001bb0e958,  free space=1018k
Native frames: (J=compiled Java code, j=interpreted, Vv=VM code, C=native code)
C  [msvcrt.dll+0x73df4]
C  [gdx64.dll+0x3a34]
C  0x00000000030fde2e

Java frames: (J=compiled Java code, j=interpreted, Vv=VM code)
J 620  com.badlogic.gdx.utils.BufferUtils.copyJni([FLjava/nio/Buffer;II)V (0 bytes) @ 0x00000000030fddb0 [0x00000000030fdd40+0x70]
J 607 C1 com.badlogic.gdx.utils.BufferUtils.copy([FLjava/nio/Buffer;II)V (45 bytes) @ 0x00000000030f24dc [0x00000000030f2080+0x45c]
J 727 C1 com.badlogic.gdx.graphics.glutils.VertexArray.setVertices([FII)V (29 bytes) @ 0x000000000314fe74 [0x000000000314fde0+0x94]
J 614 C1 com.badlogic.gdx.graphics.g2d.SpriteBatch.flush()V (185 bytes) @ 0x00000000030f6bf4 [0x00000000030f6680+0x574]
J 794 C1 com.badlogic.gdx.graphics.g2d.SpriteBatch.end()V (90 bytes) @ 0x0000000003185184 [0x0000000003185080+0x104]
j  com.badlogic.gdx.maps.tiled.renderers.BatchTiledMapRenderer.endRender()V+4
j  com.badlogic.gdx.maps.tiled.renderers.BatchTiledMapRenderer.render()V+83
j  Screen.MainGameScreen.render(F)V+953
j  com.badlogic.gdx.Game.render()V+19
j  com.mygdx.game.PetGame.render()V+1
j  com.badlogic.gdx.backends.lwjgl.LwjglApplication.mainLoop()V+698
j  com.badlogic.gdx.backends.lwjgl.LwjglApplication$1.run()V+27
v  ~StubRoutines::call_stub

---------------  P R O C E S S  ---------------

Java Threads: ( => current thread )
  0x000000001a0b7000 JavaThread "LWJGL Timer" daemon [_thread_blocked, id=6896, stack(0x00000000241d0000,0x00000000242d0000)]
  0x000000001a0b6000 JavaThread "AsynchExecutor-Thread" daemon [_thread_blocked, id=5416, stack(0x00000000240d0000,0x00000000241d0000)]
  0x0000000002d73800 JavaThread "DestroyJavaVM" [_thread_blocked, id=12612, stack(0x0000000002c70000,0x0000000002d70000)]
=>0x000000001a100800 JavaThread "LWJGL Application" [_thread_in_native, id=6140, stack(0x000000001ba10000,0x000000001bb10000)]
  0x0000000019e37800 JavaThread "Service Thread" daemon [_thread_blocked, id=8512, stack(0x000000001a900000,0x000000001aa00000)]
  0x0000000019da4800 JavaThread "C1 CompilerThread3" daemon [_thread_blocked, id=4960, stack(0x000000001a800000,0x000000001a900000)]
  0x0000000019da1000 JavaThread "C2 CompilerThread2" daemon [_thread_blocked, id=8568, stack(0x000000001a700000,0x000000001a800000)]
  0x0000000019d93000 JavaThread "C2 CompilerThread1" daemon [_thread_blocked, id=12156, stack(0x000000001a600000,0x000000001a700000)]
  0x0000000019d8e800 JavaThread "C2 CompilerThread0" daemon [_thread_blocked, id=5684, stack(0x000000001a500000,0x000000001a600000)]
  0x0000000019d8c800 JavaThread "Attach Listener" daemon [_thread_blocked, id=1460, stack(0x000000001a400000,0x000000001a500000)]
  0x0000000019d8b800 JavaThread "Signal Dispatcher" daemon [_thread_blocked, id=13012, stack(0x000000001a300000,0x000000001a400000)]
  0x0000000019d30800 JavaThread "Finalizer" daemon [_thread_blocked, id=4716, stack(0x000000001a110000,0x000000001a210000)]
  0x0000000017e2d800 JavaThread "Reference Handler" daemon [_thread_blocked, id=1748, stack(0x0000000019c10000,0x0000000019d10000)]

Other Threads:
  0x0000000017e29800 VMThread [stack: 0x0000000019b10000,0x0000000019c10000] [id=7816]
  0x0000000019e81800 WatcherThread [stack: 0x000000001aa00000,0x000000001ab00000] [id=4504]

VM state:not at safepoint (normal execution)

VM Mutex/Monitor currently owned by a thread: None

Heap:
 PSYoungGen      total 38400K, used 2720K [0x00000000d5c00000, 0x00000000d8680000, 0x0000000100000000)
  eden space 33280K, 8% used [0x00000000d5c00000,0x00000000d5ea80a8,0x00000000d7c80000)
  from space 5120K, 0% used [0x00000000d7c80000,0x00000000d7c80000,0x00000000d8180000)
  to   space 5120K, 0% used [0x00000000d8180000,0x00000000d8180000,0x00000000d8680000)
 ParOldGen       total 87552K, used 3307K [0x0000000081400000, 0x0000000086980000, 0x00000000d5c00000)
  object space 87552K, 3% used [0x0000000081400000,0x000000008173af18,0x0000000086980000)
 Metaspace       used 8484K, capacity 8649K, committed 8832K, reserved 1056768K
  class space    used 805K, capacity 849K, committed 896K, reserved 1048576K

Card table byte_map: [0x0000000012230000,0x0000000012630000] byte_map_base: 0x0000000011e26000

Marking Bits: (ParMarkBitMap*) 0x000000005c5ca6d0
 Begin Bits: [0x00000000130e0000, 0x0000000015090000)
 End Bits:   [0x0000000015090000, 0x0000000017040000)

Polling page: 0x00000000025b0000

CodeCache: size=245760Kb used=3518Kb max_used=3604Kb free=242241Kb
 bounds [0x0000000002e70000, 0x0000000003200000, 0x0000000011e70000]
 total_blobs=1406 nmethods=919 adapters=400
 compilation: enabled

Compilation events (10 events):
Event: 9.252 Thread 0x0000000019da1000  967       4       com.badlogic.gdx.graphics.g2d.freetype.FreeType$Bitmap::getPixmap (448 bytes)
Event: 9.260 Thread 0x0000000019d93000  968 %     4       com.badlogic.gdx.graphics.g2d.freetype.FreeTypeFontGenerator::generateData @ 911 (1373 bytes)
Event: 9.264 Thread 0x0000000019da4800  969       3       java.io.BufferedReader::readLine (6 bytes)
Event: 9.264 Thread 0x0000000019da4800 nmethod 969 0x0000000003048790 code [0x0000000003048900, 0x0000000003048aa8]
Event: 9.280 Thread 0x0000000019d93000 nmethod 968% 0x0000000002f96610 code [0x0000000002f96880, 0x0000000002f978b8]
Event: 9.291 Thread 0x0000000019da1000 nmethod 967 0x0000000002fef210 code [0x0000000002fef4e0, 0x0000000002ff1488]
Event: 9.836 Thread 0x0000000019da4800  970       1       com.badlogic.gdx.graphics.Texture$TextureFilter::getGLEnum (5 bytes)
Event: 9.837 Thread 0x0000000019da4800 nmethod 970 0x00000000030927d0 code [0x0000000003092920, 0x0000000003092a30]
Event: 9.837 Thread 0x0000000019da4800  971       3       com.badlogic.gdx.scenes.scene2d.ui.Table::ensureSize (38 bytes)
Event: 9.837 Thread 0x0000000019da4800 nmethod 971 0x0000000002fe1890 code [0x0000000002fe1a00, 0x0000000002fe1d10]

GC Heap History (10 events):
Event: 8.565 GC heap before
{Heap before GC invocations=221 (full 110):
 PSYoungGen      total 38400K, used 0K [0x00000000d5c00000, 0x00000000d8680000, 0x0000000100000000)
  eden space 33280K, 0% used [0x00000000d5c00000,0x00000000d5c00000,0x00000000d7c80000)
  from space 5120K, 0% used [0x00000000d7c80000,0x00000000d7c80000,0x00000000d8180000)
  to   space 5120K, 0% used [0x00000000d8180000,0x00000000d8180000,0x00000000d8680000)
 ParOldGen       total 87552K, used 3307K [0x0000000081400000, 0x0000000086980000, 0x00000000d5c00000)
  object space 87552K, 3% used [0x0000000081400000,0x000000008173af18,0x0000000086980000)
 Metaspace       used 8464K, capacity 8585K, committed 8832K, reserved 1056768K
  class space    used 801K, capacity 849K, committed 896K, reserved 1048576K
Event: 8.573 GC heap after
Heap after GC invocations=221 (full 110):
 PSYoungGen      total 38400K, used 0K [0x00000000d5c00000, 0x00000000d8680000, 0x0000000100000000)
  eden space 33280K, 0% used [0x00000000d5c00000,0x00000000d5c00000,0x00000000d7c80000)
  from space 5120K, 0% used [0x00000000d7c80000,0x00000000d7c80000,0x00000000d8180000)
  to   space 5120K, 0% used [0x00000000d8180000,0x00000000d8180000,0x00000000d8680000)
 ParOldGen       total 87552K, used 3307K [0x0000000081400000, 0x0000000086980000, 0x00000000d5c00000)
  object space 87552K, 3% used [0x0000000081400000,0x000000008173af18,0x0000000086980000)
 Metaspace       used 8464K, capacity 8585K, committed 8832K, reserved 1056768K
  class space    used 801K, capacity 849K, committed 896K, reserved 1048576K
}
Event: 8.582 GC heap before
{Heap before GC invocations=222 (full 110):
 PSYoungGen      total 38400K, used 530K [0x00000000d5c00000, 0x00000000d8680000, 0x0000000100000000)
  eden space 33280K, 1% used [0x00000000d5c00000,0x00000000d5c84998,0x00000000d7c80000)
  from space 5120K, 0% used [0x00000000d7c80000,0x00000000d7c80000,0x00000000d8180000)
  to   space 5120K, 0% used [0x00000000d8180000,0x00000000d8180000,0x00000000d8680000)
 ParOldGen       total 87552K, used 3307K [0x0000000081400000, 0x0000000086980000, 0x00000000d5c00000)
  object space 87552K, 3% used [0x0000000081400000,0x000000008173af18,0x0000000086980000)
 Metaspace       used 8464K, capacity 8585K, committed 8832K, reserved 1056768K
  class space    used 801K, capacity 849K, committed 896K, reserved 1048576K
Event: 8.583 GC heap after
Heap after GC invocations=222 (full 110):
 PSYoungGen      total 38400K, used 0K [0x00000000d5c00000, 0x00000000d8680000, 0x0000000100000000)
  eden space 33280K, 0% used [0x00000000d5c00000,0x00000000d5c00000,0x00000000d7c80000)
  from space 5120K, 0% used [0x00000000d8180000,0x00000000d8180000,0x00000000d8680000)
  to   space 5120K, 0% used [0x00000000d7c80000,0x00000000d7c80000,0x00000000d8180000)
 ParOldGen       total 87552K, used 3307K [0x0000000081400000, 0x0000000086980000, 0x00000000d5c00000)
  object space 87552K, 3% used [0x0000000081400000,0x000000008173af18,0x0000000086980000)
 Metaspace       used 8464K, capacity 8585K, committed 8832K, reserved 1056768K
  class space    used 801K, capacity 849K, committed 896K, reserved 1048576K
}
Event: 8.583 GC heap before
{Heap before GC invocations=223 (full 111):
 PSYoungGen      total 38400K, used 0K [0x00000000d5c00000, 0x00000000d8680000, 0x0000000100000000)
  eden space 33280K, 0% used [0x00000000d5c00000,0x00000000d5c00000,0x00000000d7c80000)
  from space 5120K, 0% used [0x00000000d8180000,0x00000000d8180000,0x00000000d8680000)
  to   space 5120K, 0% used [0x00000000d7c80000,0x00000000d7c80000,0x00000000d8180000)
 ParOldGen       total 87552K, used 3307K [0x0000000081400000, 0x0000000086980000, 0x00000000d5c00000)
  object space 87552K, 3% used [0x0000000081400000,0x000000008173af18,0x0000000086980000)
 Metaspace       used 8464K, capacity 8585K, committed 8832K, reserved 1056768K
  class space    used 801K, capacity 849K, committed 896K, reserved 1048576K
Event: 8.589 GC heap after
Heap after GC invocations=223 (full 111):
 PSYoungGen      total 38400K, used 0K [0x00000000d5c00000, 0x00000000d8680000, 0x0000000100000000)
  eden space 33280K, 0% used [0x00000000d5c00000,0x00000000d5c00000,0x00000000d7c80000)
  from space 5120K, 0% used [0x00000000d8180000,0x00000000d8180000,0x00000000d8680000)
  to   space 5120K, 0% used [0x00000000d7c80000,0x00000000d7c80000,0x00000000d8180000)
 ParOldGen       total 87552K, used 3307K [0x0000000081400000, 0x0000000086980000, 0x00000000d5c00000)
  object space 87552K, 3% used [0x0000000081400000,0x000000008173af18,0x0000000086980000)
 Metaspace       used 8464K, capacity 8585K, committed 8832K, reserved 1056768K
  class space    used 801K, capacity 849K, committed 896K, reserved 1048576K
}
Event: 8.589 GC heap before
{Heap before GC invocations=224 (full 111):
 PSYoungGen      total 38400K, used 0K [0x00000000d5c00000, 0x00000000d8680000, 0x0000000100000000)
  eden space 33280K, 0% used [0x00000000d5c00000,0x00000000d5c00000,0x00000000d7c80000)
  from space 5120K, 0% used [0x00000000d8180000,0x00000000d8180000,0x00000000d8680000)
  to   space 5120K, 0% used [0x00000000d7c80000,0x00000000d7c80000,0x00000000d8180000)
 ParOldGen       total 87552K, used 3307K [0x0000000081400000, 0x0000000086980000, 0x00000000d5c00000)
  object space 87552K, 3% used [0x0000000081400000,0x000000008173af18,0x0000000086980000)
 Metaspace       used 8464K, capacity 8585K, committed 8832K, reserved 1056768K
  class space    used 801K, capacity 849K, committed 896K, reserved 1048576K
Event: 8.590 GC heap after
Heap after GC invocations=224 (full 111):
 PSYoungGen      total 38400K, used 0K [0x00000000d5c00000, 0x00000000d8680000, 0x0000000100000000)
  eden space 33280K, 0% used [0x00000000d5c00000,0x00000000d5c00000,0x00000000d7c80000)
  from space 5120K, 0% used [0x00000000d7c80000,0x00000000d7c80000,0x00000000d8180000)
  to   space 5120K, 0% used [0x00000000d8180000,0x00000000d8180000,0x00000000d8680000)
 ParOldGen       total 87552K, used 3307K [0x0000000081400000, 0x0000000086980000, 0x00000000d5c00000)
  object space 87552K, 3% used [0x0000000081400000,0x000000008173af18,0x0000000086980000)
 Metaspace       used 8464K, capacity 8585K, committed 8832K, reserved 1056768K
  class space    used 801K, capacity 849K, committed 896K, reserved 1048576K
}
Event: 8.590 GC heap before
{Heap before GC invocations=225 (full 112):
 PSYoungGen      total 38400K, used 0K [0x00000000d5c00000, 0x00000000d8680000, 0x0000000100000000)
  eden space 33280K, 0% used [0x00000000d5c00000,0x00000000d5c00000,0x00000000d7c80000)
  from space 5120K, 0% used [0x00000000d7c80000,0x00000000d7c80000,0x00000000d8180000)
  to   space 5120K, 0% used [0x00000000d8180000,0x00000000d8180000,0x00000000d8680000)
 ParOldGen       total 87552K, used 3307K [0x0000000081400000, 0x0000000086980000, 0x00000000d5c00000)
  object space 87552K, 3% used [0x0000000081400000,0x000000008173af18,0x0000000086980000)
 Metaspace       used 8464K, capacity 8585K, committed 8832K, reserved 1056768K
  class space    used 801K, capacity 849K, committed 896K, reserved 1048576K
Event: 8.596 GC heap after
Heap after GC invocations=225 (full 112):
 PSYoungGen      total 38400K, used 0K [0x00000000d5c00000, 0x00000000d8680000, 0x0000000100000000)
  eden space 33280K, 0% used [0x00000000d5c00000,0x00000000d5c00000,0x00000000d7c80000)
  from space 5120K, 0% used [0x00000000d7c80000,0x00000000d7c80000,0x00000000d8180000)
  to   space 5120K, 0% used [0x00000000d8180000,0x00000000d8180000,0x00000000d8680000)
 ParOldGen       total 87552K, used 3307K [0x0000000081400000, 0x0000000086980000, 0x00000000d5c00000)
  object space 87552K, 3% used [0x0000000081400000,0x000000008173af18,0x0000000086980000)
 Metaspace       used 8464K, capacity 8585K, committed 8832K, reserved 1056768K
  class space    used 801K, capacity 849K, committed 896K, reserved 1048576K
}

Deoptimization events (1 events):
Event: 3.111 Thread 0x000000001a100800 Uncommon trap: reason=unstable_if action=reinterpret pc=0x0000000003082cb8 method=java.lang.String.<init>([CII)V @ 18

Internal exceptions (10 events):
Event: 0.161 Thread 0x0000000002d73800 Exception <a 'java/security/PrivilegedActionException'> (0x00000000d5ee4520) thrown at [C:\re\workspace\8-2-build-windows-amd64-cygwin\jdk8u101\7261\hotspot\src\share\vm\prims\jvm.cpp, line 1386]
Event: 0.161 Thread 0x0000000002d73800 Exception <a 'java/security/PrivilegedActionException'> (0x00000000d5ee4730) thrown at [C:\re\workspace\8-2-build-windows-amd64-cygwin\jdk8u101\7261\hotspot\src\share\vm\prims\jvm.cpp, line 1386]
Event: 0.319 Thread 0x0000000002d73800 Exception <a 'java/security/PrivilegedActionException'> (0x00000000d6018558) thrown at [C:\re\workspace\8-2-build-windows-amd64-cygwin\jdk8u101\7261\hotspot\src\share\vm\prims\jvm.cpp, line 1386]
Event: 0.319 Thread 0x0000000002d73800 Exception <a 'java/security/PrivilegedActionException'> (0x00000000d601a230) thrown at [C:\re\workspace\8-2-build-windows-amd64-cygwin\jdk8u101\7261\hotspot\src\share\vm\prims\jvm.cpp, line 1386]
Event: 0.319 Thread 0x0000000002d73800 Exception <a 'java/security/PrivilegedActionException'> (0x00000000d601b3a0) thrown at [C:\re\workspace\8-2-build-windows-amd64-cygwin\jdk8u101\7261\hotspot\src\share\vm\prims\jvm.cpp, line 1386]
Event: 0.319 Thread 0x0000000002d73800 Exception <a 'java/security/PrivilegedActionException'> (0x00000000d6020508) thrown at [C:\re\workspace\8-2-build-windows-amd64-cygwin\jdk8u101\7261\hotspot\src\share\vm\prims\jvm.cpp, line 1386]
Event: 0.319 Thread 0x0000000002d73800 Exception <a 'java/security/PrivilegedActionException'> (0x00000000d6021160) thrown at [C:\re\workspace\8-2-build-windows-amd64-cygwin\jdk8u101\7261\hotspot\src\share\vm\prims\jvm.cpp, line 1386]
Event: 0.319 Thread 0x0000000002d73800 Exception <a 'java/security/PrivilegedActionException'> (0x00000000d6021d88) thrown at [C:\re\workspace\8-2-build-windows-amd64-cygwin\jdk8u101\7261\hotspot\src\share\vm\prims\jvm.cpp, line 1386]
Event: 0.432 Thread 0x000000001a100800 Exception <a 'org/lwjgl/LWJGLException'> (0x00000000d6350238) thrown at [C:\re\workspace\8-2-build-windows-amd64-cygwin\jdk8u101\7261\hotspot\src\share\vm\prims\jni.cpp, line 709]
Event: 0.432 Thread 0x000000001a100800 Exception <a 'org/lwjgl/LWJGLException'> (0x00000000d6350580) thrown at [C:\re\workspace\8-2-build-windows-amd64-cygwin\jdk8u101\7261\hotspot\src\share\vm\prims\jni.cpp, line 709]

Events (10 events):
Event: 9.837 loading class java/util/HashMap$KeySet
Event: 9.837 loading class java/util/HashMap$KeySet done
Event: 9.837 loading class java/util/HashMap$KeyIterator
Event: 9.837 loading class java/util/HashMap$KeyIterator done
Event: 9.837 loading class java/util/HashMap$Values
Event: 9.837 loading class java/util/HashMap$Values done
Event: 9.837 loading class java/util/HashMap$ValueIterator
Event: 9.837 loading class java/util/HashMap$ValueIterator done
Event: 9.838 loading class com/badlogic/gdx/utils/ObjectSet$ObjectSetIterator
Event: 9.838 loading class com/badlogic/gdx/utils/ObjectSet$ObjectSetIterator done


Dynamic libraries:
0x00007ff6a0940000 - 0x00007ff6a0977000 	C:\Program Files\Java\jre1.8.0_101\bin\javaw.exe
0x00007fff0df20000 - 0x00007fff0e0f1000 	C:\WINDOWS\SYSTEM32\ntdll.dll
0x00007fff0d670000 - 0x00007fff0d71b000 	C:\WINDOWS\System32\KERNEL32.DLL
0x00007fff0a970000 - 0x00007fff0ab8d000 	C:\WINDOWS\System32\KERNELBASE.dll
0x00007fff08840000 - 0x00007fff088ba000 	C:\WINDOWS\system32\apphelp.dll
0x00007ffef0530000 - 0x00007ffef0583000 	C:\WINDOWS\AppPatch\AppPatch64\AcGenral.DLL
0x00007fff0bc00000 - 0x00007fff0bc9e000 	C:\WINDOWS\System32\msvcrt.dll
0x00007fff0ba00000 - 0x00007fff0ba59000 	C:\WINDOWS\System32\sechost.dll
0x00007fff0dcc0000 - 0x00007fff0dde1000 	C:\WINDOWS\System32\RPCRT4.dll
0x00007fff0ddf0000 - 0x00007fff0de42000 	C:\WINDOWS\System32\SHLWAPI.dll
0x00007fff0b4f0000 - 0x00007fff0b7b7000 	C:\WINDOWS\System32\combase.dll
0x00007fff0a630000 - 0x00007fff0a725000 	C:\WINDOWS\System32\ucrtbase.dll
0x00007fff0ab90000 - 0x00007fff0abfa000 	C:\WINDOWS\System32\bcryptPrimitives.dll
0x00007fff0b4b0000 - 0x00007fff0b4e4000 	C:\WINDOWS\System32\GDI32.dll
0x00007fff0a7e0000 - 0x00007fff0a962000 	C:\WINDOWS\System32\gdi32full.dll
0x00007fff0d720000 - 0x00007fff0d885000 	C:\WINDOWS\System32\USER32.dll
0x00007fff0a410000 - 0x00007fff0a42e000 	C:\WINDOWS\System32\win32u.dll
0x00007fff0b8c0000 - 0x00007fff0b9f7000 	C:\WINDOWS\System32\ole32.dll
0x00007fff0c060000 - 0x00007fff0d569000 	C:\WINDOWS\System32\SHELL32.dll
0x00007fff0a430000 - 0x00007fff0a472000 	C:\WINDOWS\System32\cfgmgr32.dll
0x00007fff0ac00000 - 0x00007fff0b2da000 	C:\WINDOWS\System32\windows.storage.dll
0x00007fff0a3a0000 - 0x00007fff0a3ec000 	C:\WINDOWS\System32\powrprof.dll
0x00007fff0b7c0000 - 0x00007fff0b862000 	C:\WINDOWS\System32\advapi32.dll
0x00007fff0a3f0000 - 0x00007fff0a3ff000 	C:\WINDOWS\System32\kernel.appcore.dll
0x00007fff0a730000 - 0x00007fff0a7d9000 	C:\WINDOWS\System32\shcore.dll
0x00007fff0a380000 - 0x00007fff0a394000 	C:\WINDOWS\System32\profapi.dll
0x00007fff0a080000 - 0x00007fff0a0ac000 	C:\WINDOWS\SYSTEM32\SspiCli.dll
0x00007fff09a30000 - 0x00007fff09a4f000 	C:\WINDOWS\SYSTEM32\USERENV.dll
0x00007ffefa680000 - 0x00007ffefa69b000 	C:\WINDOWS\SYSTEM32\MPR.dll
0x00007fff0b890000 - 0x00007fff0b8be000 	C:\WINDOWS\System32\IMM32.DLL
0x00007ffefb3b0000 - 0x00007ffefb62a000 	C:\WINDOWS\WinSxS\amd64_microsoft.windows.common-controls_6595b64144ccf1df_6.0.14393.351_none_4213128bc687e6d3\COMCTL32.dll
0x000000005ca90000 - 0x000000005cb62000 	C:\Program Files\Java\jre1.8.0_101\bin\msvcr100.dll
0x000000005bdb0000 - 0x000000005c64a000 	C:\Program Files\Java\jre1.8.0_101\bin\server\jvm.dll
0x00007fff0bd10000 - 0x00007fff0bd18000 	C:\WINDOWS\System32\PSAPI.DLL
0x00007ffef2e70000 - 0x00007ffef2e79000 	C:\WINDOWS\SYSTEM32\WSOCK32.dll
0x00007fff073a0000 - 0x00007fff073aa000 	C:\WINDOWS\SYSTEM32\VERSION.dll
0x00007fff088c0000 - 0x00007fff088e3000 	C:\WINDOWS\SYSTEM32\WINMM.dll
0x00007fff0bca0000 - 0x00007fff0bd0a000 	C:\WINDOWS\System32\WS2_32.dll
0x00000000025e0000 - 0x000000000260b000 	C:\WINDOWS\SYSTEM32\WINMMBASE.dll
0x000000005cca0000 - 0x000000005ccaf000 	C:\Program Files\Java\jre1.8.0_101\bin\verify.dll
0x000000005cc70000 - 0x000000005cc99000 	C:\Program Files\Java\jre1.8.0_101\bin\java.dll
0x000000005cc50000 - 0x000000005cc66000 	C:\Program Files\Java\jre1.8.0_101\bin\zip.dll
0x0000000065580000 - 0x0000000065616000 	C:\Users\user\AppData\Local\Temp\libgdxuser\8aad67a5\gdx64.dll
0x00007fff09e50000 - 0x00007fff09e67000 	C:\WINDOWS\SYSTEM32\CRYPTSP.dll
0x00007fff09d30000 - 0x00007fff09d63000 	C:\WINDOWS\system32\rsaenh.dll
0x00007fff09f60000 - 0x00007fff09f8b000 	C:\WINDOWS\SYSTEM32\bcrypt.dll
0x00007fff09e70000 - 0x00007fff09e7b000 	C:\WINDOWS\SYSTEM32\CRYPTBASE.dll
0x000000005cc30000 - 0x000000005cc4a000 	C:\Program Files\Java\jre1.8.0_101\bin\net.dll
0x00007fff09bb0000 - 0x00007fff09c0c000 	C:\WINDOWS\system32\mswsock.dll
0x00007fff09940000 - 0x00007fff09978000 	C:\WINDOWS\SYSTEM32\IPHLPAPI.DLL
0x00007fff0bfe0000 - 0x00007fff0bfe8000 	C:\WINDOWS\System32\NSI.dll
0x00007fff05830000 - 0x00007fff05846000 	C:\WINDOWS\SYSTEM32\dhcpcsvc6.DLL
0x00007fff05810000 - 0x00007fff0582a000 	C:\WINDOWS\SYSTEM32\dhcpcsvc.DLL
0x000000005cc10000 - 0x000000005cc21000 	C:\Program Files\Java\jre1.8.0_101\bin\nio.dll
0x0000000180000000 - 0x0000000180053000 	C:\Users\user\AppData\Local\Temp\libgdxuser\dc0f0009\lwjgl64.dll
0x00007ffee5700000 - 0x00007ffee5823000 	C:\WINDOWS\SYSTEM32\OPENGL32.dll
0x00007ffee5690000 - 0x00007ffee56bd000 	C:\WINDOWS\SYSTEM32\GLU32.dll
0x00007ffee5520000 - 0x00007ffee5617000 	C:\WINDOWS\SYSTEM32\DDRAW.dll
0x00007ffeebe20000 - 0x00007ffeebe28000 	C:\WINDOWS\SYSTEM32\DCIMAN32.dll
0x000000001ab00000 - 0x000000001ab64000 	C:\Users\user\AppData\Local\Temp\libgdxuser\dc0f0009\OpenAL64.dll
0x00007fff08b10000 - 0x00007fff08ba5000 	C:\WINDOWS\system32\uxtheme.dll
0x00007fff0d570000 - 0x00007fff0d60f000 	C:\WINDOWS\System32\clbcatq.dll
0x00007fff07690000 - 0x00007fff07815000 	C:\WINDOWS\System32\PROPSYS.dll
0x00007fff0de50000 - 0x00007fff0df0f000 	C:\WINDOWS\System32\OLEAUT32.dll
0x00007fff0a480000 - 0x00007fff0a51c000 	C:\WINDOWS\System32\msvcp_win.dll
0x00007ffefefe0000 - 0x00007ffeff07b000 	C:\WINDOWS\SYSTEM32\dsound.dll
0x00007fff03ff0000 - 0x00007fff04061000 	C:\WINDOWS\System32\MMDevApi.dll
0x00007fff08e50000 - 0x00007fff08e78000 	C:\WINDOWS\System32\DEVOBJ.dll
0x00007ffef3040000 - 0x00007ffef30d4000 	C:\WINDOWS\SYSTEM32\AUDIOSES.DLL
0x00007fff06e20000 - 0x00007fff06f56000 	C:\WINDOWS\SYSTEM32\wintypes.dll
0x00007fff0bd80000 - 0x00007fff0bedb000 	C:\WINDOWS\System32\MSCTF.dll
0x00007fff07950000 - 0x00007fff07976000 	C:\WINDOWS\system32\dwmapi.dll
0x00007ffecac80000 - 0x00007ffecb7c6000 	C:\WINDOWS\SYSTEM32\ig75icd64.dll
0x00007fff07320000 - 0x00007fff07333000 	C:\WINDOWS\SYSTEM32\WTSAPI32.dll
0x00007ffefa970000 - 0x00007ffefb3b0000 	C:\WINDOWS\SYSTEM32\igdusc64.dll
0x00007ffefa730000 - 0x00007ffefa7c1000 	C:\WINDOWS\SYSTEM32\mscms.dll
0x00007ffefdd60000 - 0x00007ffefdda2000 	C:\WINDOWS\SYSTEM32\icm32.dll
0x000000006a740000 - 0x000000006a7f1000 	C:\Users\user\AppData\Local\Temp\libgdxuser\53b76bda\gdx-freetype64.dll
0x00007ffef3200000 - 0x00007ffef3392000 	C:\WINDOWS\SYSTEM32\dbghelp.dll

VM Arguments:
jvm_args: -Dfile.encoding=MS932 
java_command: com.mygdx.game.desktop.DesktopLauncher
java_class_path (initial): D:\IT\JavaProj2D\desktop\bin;C:\Users\user\.gradle\caches\modules-2\files-2.1\com.badlogicgames.gdx\gdx-backend-lwjgl\1.9.4\4c6c108a9dcbc07096de8594b93f9cab33856fe2\gdx-backend-lwjgl-1.9.4.jar;C:\Users\user\.gradle\caches\modules-2\files-2.1\com.badlogicgames.gdx\gdx-platform\1.9.4\8e93afecc287ab152179983fc1b5f65db4c2fa4c\gdx-platform-1.9.4-natives-desktop.jar;C:\Users\user\.gradle\caches\modules-2\files-2.1\com.badlogicgames.gdx\gdx-box2d-platform\1.9.4\905a9ed3017cd3917b7fbada5ece58c40fddcbca\gdx-box2d-platform-1.9.4-natives-desktop.jar;C:\Users\user\.gradle\caches\modules-2\files-2.1\com.badlogicgames.gdx\gdx-bullet-platform\1.9.4\13190302e8721452ffb8ae242dba20f6195e8175\gdx-bullet-platform-1.9.4-natives-desktop.jar;C:\Users\user\.gradle\caches\modules-2\files-2.1\com.badlogicgames.gdx\gdx-freetype-platform\1.9.4\4bced98798c82ba1cb947343bdd6297243ea09e3\gdx-freetype-platform-1.9.4-natives-desktop.jar;C:\Users\user\.gradle\caches\modules-2\files-2.1\com.badlogicgames.gdx\gdx-tools\1.9.4\4c15cd85a5077bc7d13914be7cbd8dcce2d31725\gdx-tools-1.9.4.jar;C:\Users\user\.gradle\caches\modules-2\files-2.1\com.badlogicgames.gdx\gdx-controllers-desktop\1.9.4\327d033c54df7fcfedb4576b47cd2546a3634ba\gdx-controllers-desktop-1.9.4.jar;C:\Users\user\.gradle\caches\modules-2\files-2.1\com.badlogicgames.gdx\gdx-controllers-platform\1.9.4\5642c2faa67bc94d6c42718d50884f562249cfa7\gdx-controllers-platform-1.9.4-natives-desktop.jar;C:\Users\user\.gradle\caches\modules-2\files-2.1\com.badlogicgames.gdx\gdx\1.9.4\4b4b7962d1bc75af0438f5c81ec1010557bc9ee5\gdx-1.9.4.jar;C:\Users\user\.gradle\caches\modules-2\files-2.1\com.badlogicgames.gdx\gdx-box2d\1.9.4\98a0d25c9f0637fecac6e4aacf7287aa635964f5\gdx-box2d-1.9.4.jar;C:\Users\user\.gradle\caches\modules-2\files-2.1\com.badlogicgames.box2dlights\box2dlights\1.4\3d77ad5b4164fb32fc67e2446e35911bb0aaf0bd\box2dlights-1.4.jar;C:\Users\user\.gradle\caches\modules-2\files-2.1\com.badlogicgames.gdx\gdx-bullet\1.9.4\971a17453
Launcher Type: SUN_STANDARD

Environment Variables:
PATH=C:/Program Files/Java/jre1.8.0_101/bin/server;C:/Program Files/Java/jre1.8.0_101/bin;C:/Program Files/Java/jre1.8.0_101/lib/amd64;C:\Program Files\Docker\Docker\Resources\bin;C:\Python34\Lib\site-packages\PyQt4;C:\Program Files (x86)\Razer Chroma SDK\bin;C:\Program Files\Razer Chroma SDK\bin;C:\ProgramData\Oracle\Java\javapath;C:\Python34\;C:\Python34\Scripts;C:\Program Files (x86)\Intel\iCLS Client\;C:\Program Files\Intel\iCLS Client\;C:\Windows\system32;C:\Windows;C:\Windows\System32\Wbem;C:\Windows\System32\WindowsPowerShell\v1.0\;C:\Program Files (x86)\Windows Live\Shared;C:\Program Files\Intel\Intel(R) Management Engine Components\DAL;C:\Program Files\Intel\Intel(R) Management Engine Components\IPT;C:\Program Files (x86)\Intel\Intel(R) Management Engine Components\DAL;C:\Program Files (x86)\Intel\Intel(R) Management Engine Components\IPT;C:\Program Files (x86)\NVIDIA Corporation\PhysX\Common;C:\Program Files (x86)\MiKTeX 2.9\miktex\bin\;C:\WINDOWS\system32\config\systemprofile\.dnx\bin;C:\Program Files\Microsoft DNX\Dnvm\;C:\Program Files\Microsoft SQL Server\120\Tools\Binn\;C:\Program Files (x86)\Windows Kits\8.1\Windows Performance Toolkit\;C:\Program Files (x86)\Skype\Phone\;C:\WINDOWS\system32;C:\WINDOWS;C:\WINDOWS\System32\Wbem;C:\WINDOWS\System32\WindowsPowerShell\v1.0\;C:\WINDOWS\system32;C:\WINDOWS;C:\WINDOWS\System32\Wbem;C:\WINDOWS\System32\WindowsPowerShell\v1.0\;C:\Program Files (x86)\GtkSharp\2.12\bin;C:\Users\user\.dnx\bin;%USERPROFILE%\AppData\Local\Microsoft\WindowsApps;;C:\Users\user\Desktop;
USERNAME=user
OS=Windows_NT
PROCESSOR_IDENTIFIER=Intel64 Family 6 Model 60 Stepping 3, GenuineIntel



---------------  S Y S T E M  ---------------

OS: Windows 10.0 , 64 bit Build 14393 (10.0.14393.0)

CPU:total 8 (4 cores per cpu, 2 threads per core) family 6 model 60 stepping 3, cmov, cx8, fxsr, mmx, sse, sse2, sse3, ssse3, sse4.1, sse4.2, popcnt, avx, avx2, aes, clmul, erms, lzcnt, ht, tsc, tscinvbit, bmi1, bmi2

Memory: 4k page, physical 8304444k(3158384k free), swap 11056956k(3635724k free)

vm_info: Java HotSpot(TM) 64-Bit Server VM (25.101-b13) for windows-amd64 JRE (1.8.0_101-b13), built on Jun 22 2016 01:21:29 by "java_re" with MS VC++ 10.0 (VS2010)

time: Wed Nov 09 19:12:38 2016
elapsed time: 9 seconds (0d 0h 0m 9s)

